Flutter crash report.
Please report a bug at https://github.com/flutter/flutter/issues.

## command

flutter run --machine --start-paused -d chrome --dart-define=flutter.inspector.structuredErrors=true --web-allow-expose-url --target lib\main.dart

## exception

StateError: Bad state: Cannot add event after closing

```
#0      _StreamController.add (dart:async/stream_controller.dart:553:24)
#1      _StreamSinkWrapper.add (dart:async/stream_controller.dart:826:13)
#2      AppConnection.runMain (package:dwds/src/connections/app_connection.dart:33:22)
#3      WebDevFS.connect.<anonymous closure> (package:flutter_tools/src/isolated/devfs_web.dart:669:25)
<asynchronous suspension>
```

## flutter doctor

```
[✓] Flutter (Channel stable, 2.2.2, on Microsoft Windows [Version 10.0.19042.1165], locale en-US)
    • Flutter version 2.2.2 at D:\DevelpmentTool\flutter
    • Framework revision d79295af24 (3 months ago), 2021-06-11 08:56:01 -0700
    • Engine revision 91c9fc8fe0
    • Dart version 2.13.3

[✓] Android toolchain - develop for Android devices (Android SDK version 30.0.3)
    • Android SDK at C:\Users\Lenovo\AppData\Local\Android\Sdk
    • Platform android-30, build-tools 30.0.3
    • ANDROID_HOME = C:\Users\Lenovo\AppData\Local\Android\Sdk
    • ANDROID_SDK_ROOT = C:\Users\Lenovo\AppData\Local\Android\Sdk
    • Java binary at: C:\Program Files\Java\jdk-11.0.12\bin\java
    • Java version Java(TM) SE Runtime Environment 18.9 (build 11.0.12+8-LTS-237)
    • All Android licenses accepted.

[✓] Chrome - develop for the web
    • Chrome at C:\Program Files (x86)\Google\Chrome\Application\chrome.exe

[!] Android Studio (not installed)
    • Android Studio not found; download from https://developer.android.com/studio/index.html
      (or visit https://flutter.dev/docs/get-started/install/windows#android-setup for detailed instructions).

[✓] IntelliJ IDEA Community Edition (version 2021.1)
    • IntelliJ at C:\Program Files\JetBrains\IntelliJ IDEA Community Edition 2021.1.1
    • Flutter plugin can be installed from:
      🔨 https://plugins.jetbrains.com/plugin/9212-flutter
    • Dart plugin can be installed from:
      🔨 https://plugins.jetbrains.com/plugin/6351-dart

[✓] VS Code (version 1.59.1)
    • VS Code at C:\Users\Lenovo\AppData\Local\Programs\Microsoft VS Code
    • Flutter extension version 3.25.0

[✓] Connected device (2 available)
    • Chrome (web) • chrome • web-javascript • Google Chrome 92.0.4515.159
    • Edge (web)   • edge   • web-javascript • Microsoft Edge 92.0.902.84

! Doctor found issues in 1 category.
```
